<?xml version="1.0" encoding="UTF-8"?>
<testng-results ignored="0" total="3" passed="3" failed="0" skipped="0">
  <reporter-output>
  </reporter-output>
  <suite started-at="2024-04-03T13:51:42 IST" name="Default suite" finished-at="2024-04-03T13:51:42 IST" duration-ms="213">
    <groups>
    </groups>
    <test started-at="2024-04-03T13:51:42 IST" name="Default test" finished-at="2024-04-03T13:51:42 IST" duration-ms="213">
      <class name="pack1.Test1">
        <test-method is-config="true" signature="beforeSuite()[pri:0, instance:pack1.Test1@1807f5a7]" started-at="2024-04-03T13:51:41 IST" name="beforeSuite" finished-at="2024-04-03T13:51:42 IST" duration-ms="959" status="PASS">
          <reporter-output>
          </reporter-output>
        </test-method> <!-- beforeSuite -->
        <test-method is-config="true" signature="beforeTest()[pri:0, instance:pack1.Test1@1807f5a7]" started-at="2024-04-03T13:51:42 IST" name="beforeTest" finished-at="2024-04-03T13:51:42 IST" duration-ms="4" status="PASS">
          <reporter-output>
          </reporter-output>
        </test-method> <!-- beforeTest -->
        <test-method is-config="true" signature="beforeClass()[pri:0, instance:pack1.Test1@1807f5a7]" started-at="2024-04-03T13:51:42 IST" name="beforeClass" finished-at="2024-04-03T13:51:42 IST" duration-ms="34" status="PASS">
          <reporter-output>
          </reporter-output>
        </test-method> <!-- beforeClass -->
        <test-method is-config="true" signature="beforeMetheod()[pri:0, instance:pack1.Test1@1807f5a7]" started-at="2024-04-03T13:51:42 IST" name="beforeMetheod" finished-at="2024-04-03T13:51:42 IST" duration-ms="2" status="PASS">
          <reporter-output>
          </reporter-output>
        </test-method> <!-- beforeMetheod -->
        <test-method signature="test1()[pri:0, instance:pack1.Test1@1807f5a7]" started-at="2024-04-03T13:51:42 IST" name="test1" finished-at="2024-04-03T13:51:42 IST" duration-ms="18" status="PASS">
          <reporter-output>
          </reporter-output>
        </test-method> <!-- test1 -->
        <test-method is-config="true" signature="afterMetheod()[pri:0, instance:pack1.Test1@1807f5a7]" started-at="2024-04-03T13:51:42 IST" name="afterMetheod" finished-at="2024-04-03T13:51:42 IST" duration-ms="3" status="PASS">
          <reporter-output>
          </reporter-output>
        </test-method> <!-- afterMetheod -->
        <test-method is-config="true" signature="beforeMetheod()[pri:0, instance:pack1.Test1@1807f5a7]" started-at="2024-04-03T13:51:42 IST" name="beforeMetheod" finished-at="2024-04-03T13:51:42 IST" duration-ms="1" status="PASS">
          <reporter-output>
          </reporter-output>
        </test-method> <!-- beforeMetheod -->
        <test-method signature="test2()[pri:0, instance:pack1.Test1@1807f5a7]" started-at="2024-04-03T13:51:42 IST" name="test2" finished-at="2024-04-03T13:51:42 IST" duration-ms="3" status="PASS">
          <reporter-output>
          </reporter-output>
        </test-method> <!-- test2 -->
        <test-method is-config="true" signature="afterMetheod()[pri:0, instance:pack1.Test1@1807f5a7]" started-at="2024-04-03T13:51:42 IST" name="afterMetheod" finished-at="2024-04-03T13:51:42 IST" duration-ms="0" status="PASS">
          <reporter-output>
          </reporter-output>
        </test-method> <!-- afterMetheod -->
        <test-method is-config="true" signature="beforeMetheod()[pri:0, instance:pack1.Test1@1807f5a7]" started-at="2024-04-03T13:51:42 IST" name="beforeMetheod" finished-at="2024-04-03T13:51:42 IST" duration-ms="1" status="PASS">
          <reporter-output>
          </reporter-output>
        </test-method> <!-- beforeMetheod -->
        <test-method signature="test3()[pri:0, instance:pack1.Test1@1807f5a7]" started-at="2024-04-03T13:51:42 IST" name="test3" finished-at="2024-04-03T13:51:42 IST" duration-ms="6" status="PASS">
          <reporter-output>
          </reporter-output>
        </test-method> <!-- test3 -->
        <test-method is-config="true" signature="afterMetheod()[pri:0, instance:pack1.Test1@1807f5a7]" started-at="2024-04-03T13:51:42 IST" name="afterMetheod" finished-at="2024-04-03T13:51:42 IST" duration-ms="1" status="PASS">
          <reporter-output>
          </reporter-output>
        </test-method> <!-- afterMetheod -->
        <test-method is-config="true" signature="afterClass()[pri:0, instance:pack1.Test1@1807f5a7]" started-at="2024-04-03T13:51:42 IST" name="afterClass" finished-at="2024-04-03T13:51:42 IST" duration-ms="1" status="PASS">
          <reporter-output>
          </reporter-output>
        </test-method> <!-- afterClass -->
        <test-method is-config="true" signature="afterTest()[pri:0, instance:pack1.Test1@1807f5a7]" started-at="2024-04-03T13:51:42 IST" name="afterTest" finished-at="2024-04-03T13:51:42 IST" duration-ms="1" status="PASS">
          <reporter-output>
          </reporter-output>
        </test-method> <!-- afterTest -->
        <test-method is-config="true" signature="afterSuite()[pri:0, instance:pack1.Test1@1807f5a7]" started-at="2024-04-03T13:51:42 IST" name="afterSuite" finished-at="2024-04-03T13:51:43 IST" duration-ms="694" status="PASS">
          <reporter-output>
          </reporter-output>
        </test-method> <!-- afterSuite -->
      </class> <!-- pack1.Test1 -->
    </test> <!-- Default test -->
  </suite> <!-- Default suite -->
</testng-results>
